<?xml version="1.0" encoding="UTF-8"?>
<!-- Generated by org.testng.reporters.JUnitReportReporter -->
<testsuite hostname="GOT500VI75512" name="com.volvo.mfg.test.TestMUMSWEBPages" tests="1" failures="0" timestamp="21 Dec 2018 04:34:59 GMT" time="52.742" errors="0">
  <testcase name="MUMSWEBHome" time="52.742" classname="com.volvo.mfg.test.TestMUMSWEBPages"/>
</testsuite> <!-- com.volvo.mfg.test.TestMUMSWEBPages -->
