<?xml version="1.0" encoding="UTF-8"?>
<!-- Generated by org.testng.reporters.JUnitReportReporter -->
<testsuite hostname="GOT500VI75512" name="com.volvo.mfg.test.TestFLFPages" tests="1" failures="0" timestamp="14 Dec 2018 10:57:39 GMT" time="40.448" errors="0">
  <testcase name="PickingofKollis" time="40.448" classname="com.volvo.mfg.test.TestFLFPages"/>
</testsuite> <!-- com.volvo.mfg.test.TestFLFPages -->
