<?xml version="1.0" encoding="UTF-8"?>
<!-- Generated by org.testng.reporters.JUnitReportReporter -->
<testsuite hostname="GOT500VI75512" name="com.volvo.mfg.test.TestLoginPages" tests="1" failures="0" timestamp="17 Dec 2018 10:30:05 GMT" time="25.985" errors="0">
  <testcase name="MUMSWEBLogin" time="25.985" classname="com.volvo.mfg.test.TestLoginPages"/>
</testsuite> <!-- com.volvo.mfg.test.TestLoginPages -->
